<?xml version="1.0" encoding="UTF-8"?>
<!-- Generated by org.testng.reporters.JUnitReportReporter -->
<testsuite hostname="LAPTOP-GL6IC0TT" failures="2" tests="3" name="TestRunner.TestRunner" time="54.120" errors="0" timestamp="2025-09-07T17:37:41 IST" skipped="0">
  <testcase classname="TestRunner.TestRunner" name="runScenario" time="28.295">
    <failure message="Search result heading does not contain expected destination. Expected: Paris, but found: new delhi: 2,385 properties found" type="java.lang.AssertionError">
      <![CDATA[java.lang.AssertionError: Search result heading does not contain expected destination. Expected: Paris, but found: new delhi: 2,385 properties found
at pages.SearchFilterPage.validationOfSearchResultsDisplayed(SearchFilterPage.java:121)
at StepDefinitions.StepDefinitionForSearchFilter.i_should_see_search_results_for(StepDefinitionForSearchFilter.java:61)
at ✽.I should see search results for "Paris"(file:///C:/Users/my%20pc/Capstone_Booking/BDD_Booking/src/test/resources/Features/SearchFilter.feature:16)
]]>
    </failure>
  </testcase> <!-- runScenario -->
  <testcase classname="TestRunner.TestRunner" name="runScenario" time="14.690">
    <failure message="Search result heading does not contain expected destination. Expected: Paris, but found: new delhi: 2,384 properties found" type="java.lang.AssertionError">
      <![CDATA[java.lang.AssertionError: Search result heading does not contain expected destination. Expected: Paris, but found: new delhi: 2,384 properties found
at pages.SearchFilterPage.validationOfSearchResultsDisplayed(SearchFilterPage.java:121)
at StepDefinitions.StepDefinitionForSearchFilter.i_should_see_search_results_for(StepDefinitionForSearchFilter.java:61)
at ✽.I should see search results for "Paris"(file:///C:/Users/my%20pc/Capstone_Booking/BDD_Booking/src/test/resources/Features/SearchFilter.feature:38)
]]>
    </failure>
  </testcase> <!-- runScenario -->
  <testcase classname="TestRunner.TestRunner" name="runScenario" time="11.135"/>
</testsuite> <!-- TestRunner.TestRunner -->
