<?xml version="1.0" encoding="UTF-8"?>
<!-- Generated by org.testng.reporters.JUnitReportReporter -->
<testsuite hostname="LAPTOP-GL6IC0TT" failures="0" tests="1" name="TestRunner.TestRunner" time="68.773" errors="0" timestamp="2025-09-08T08:45:11 IST" skipped="0">
  <testcase classname="TestRunner.TestRunner" name="runScenario" time="68.773"/>
</testsuite> <!-- TestRunner.TestRunner -->
