<?xml version="1.0" encoding="UTF-8"?>
<!-- Generated by org.testng.reporters.JUnitReportReporter -->
<testsuite hostname="LAPTOP-GL6IC0TT" failures="0" tests="3" name="TestRunner.TestRunner" time="62.637" errors="0" timestamp="2025-09-07T18:55:17 IST" skipped="0">
  <testcase classname="TestRunner.TestRunner" name="runScenario" time="15.291"/>
  <testcase classname="TestRunner.TestRunner" name="runScenario" time="29.416"/>
  <testcase classname="TestRunner.TestRunner" name="runScenario" time="17.930"/>
</testsuite> <!-- TestRunner.TestRunner -->
