<?xml version="1.0" encoding="UTF-8"?>
<!-- Generated by org.testng.reporters.JUnitReportReporter -->
<testsuite hostname="LAPTOP-GL6IC0TT" failures="0" tests="3" name="TestRunner.TestRunner" time="64.521" errors="0" timestamp="2025-09-07T17:45:33 IST" skipped="0">
  <testcase classname="TestRunner.TestRunner" name="runScenario" time="35.997"/>
  <testcase classname="TestRunner.TestRunner" name="runScenario" time="16.386"/>
  <testcase classname="TestRunner.TestRunner" name="runScenario" time="12.138"/>
</testsuite> <!-- TestRunner.TestRunner -->
